<?xml version="1.0" encoding="UTF-8"?>
<testng-results skipped="0" failed="0" ignored="0" total="1" passed="1">
  <reporter-output>
  </reporter-output>
  <suite name="Suite" duration-ms="8763" started-at="2018-04-26T05:01:30Z" finished-at="2018-04-26T05:01:39Z">
    <groups>
    </groups>
    <test name="Test" duration-ms="8763" started-at="2018-04-26T05:01:30Z" finished-at="2018-04-26T05:01:39Z">
      <class name="com.TestCases.Tc_001_Login">
        <test-method status="PASS" signature="ValidateLoginCredentials()[pri:0, instance:com.TestCases.Tc_001_Login@5e5792a0]" name="ValidateLoginCredentials" duration-ms="7785" started-at="2018-04-26T10:31:31Z" finished-at="2018-04-26T10:31:39Z">
          <reporter-output>
          </reporter-output>
        </test-method> <!-- ValidateLoginCredentials -->
      </class> <!-- com.TestCases.Tc_001_Login -->
    </test> <!-- Test -->
  </suite> <!-- Suite -->
</testng-results>
